C51 COMPILER V9.06   PROP_CLK                                                              10/13/2016 02:50:48 PAGE 1   


C51 COMPILER V9.06, COMPILATION OF MODULE PROP_CLK
OBJECT MODULE PLACED IN Prop_Clk.OBJ
COMPILER INVOKED BY: C:\Keil\C51\BIN\C51.EXE Prop_Clk.c BROWSE DEBUG OBJECTEXTEND

line level    source

   1          
   2          #include<REG51.h>
   3          
   4          const unsigned char code flook [][5] =
   5          {
   6                  { 0x3E, 0x51, 0x49, 0x45, 0x3E }, // 0
   7                  
   8                  { 0x00, 0x42, 0x7F, 0x40, 0x00 }, // 1
   9                  
  10                  { 0x42, 0x61, 0x51, 0x49, 0x46 }, // 2
  11                  
  12                  { 0x21, 0x41, 0x45, 0x4B, 0x31 }, // 3   
  13                  
  14                  { 0x18, 0x14, 0x12, 0x7F, 0x10 }, // 4
  15                  
  16                  { 0x27, 0x45, 0x45, 0x45, 0x39 }, // 5
  17                  
  18                  { 0x3C, 0x4A, 0x49, 0x49, 0x30 }, // 6
  19                  
  20                  { 0x01, 0x71, 0x09, 0x05, 0x03 }, // 7
  21                  
  22                  { 0x36, 0x49, 0x49, 0x49, 0x36 }, // 8
  23                  
  24                  { 0x06, 0x49, 0x49, 0x29, 0x1E } // 9
  25          };
  26          
  27          const unsigned char code colon[]={0x00,0x18,0x00};
  28          
  29          unsigned char a,b,c,d,e,f;
  30          
  31          bit tog;
  32          
  33          void Int0(void) interrupt 0 using 2
  34          {
  35   1              EX0=0;   // Avoid another INT1* until we are completely finished...     
  36   1              TH0=0xA4;       
  37   1              TR0=1;    // Start timer 0
  38   1      }
  39          
  40          
  41          void timer0(void) interrupt 1  using 3
  42          {
  43   1      
  44   1              static unsigned char i,k;
  45   1      
  46   1              k++;
  47   1      
  48   1              if(k==12)       
  49   1              {
  50   2              
  51   2                      k=0;
  52   2                      
  53   2                      if(i<5)   //hours ten digit     
  54   2                      {               
  55   3                      P0=~(flook[f][i]);              
C51 COMPILER V9.06   PROP_CLK                                                              10/13/2016 02:50:48 PAGE 2   

  56   3                      i++;            
  57   3                      }
  58   2              
  59   2                      else if(i==5)//space            
  60   2                      {               
  61   3                      P0=0xFF;                
  62   3                      i++;            
  63   3                      }
  64   2              
  65   2                      else if(i<11)//space            
  66   2                      {               
  67   3                      P0=~(flook[(e%10)][i-6]);               
  68   3                      i++;                                                    
  69   3                      }
  70   2                      
  71   2                      else if(i<14)//colon            
  72   2                      {               
  73   3                              if(tog==1)                      
  74   3                              {                       
  75   4                                      P0=~(colon[i-11]);                      
  76   4                              }
  77   3                                                      
  78   3                              else                    
  79   3                              {                       
  80   4                                      P0=0xFF;                        
  81   4                              }
  82   3                              i++;
  83   3                      }
  84   2                      
  85   2                      else if(i<19)//min tens         
  86   2                      {                                                                
  87   3                              P0=~(flook[d][i-14]);           
  88   3                              i++;            
  89   3                      }
  90   2                      
  91   2                      else if(i==19)//space           
  92   2                      {               
  93   3                              P0=0xFF;                                
  94   3                              i++;    
  95   3                      }
  96   2                      
  97   2                      else if(i<25)//min one                                                           
  98   2                      {
  99   3                      
 100   3                              P0=~(flook[c][i-20]);           
 101   3                              i++;            
 102   3                      }
 103   2                                      
 104   2                      else if(i<28)//colon            
 105   2                      {               
 106   3                              if(tog==1)
 107   3                              
 108   3                              {                       
 109   4                                      P0=~(colon[i-25]);                      
 110   4                              }
 111   3                              
 112   3                              else                    
 113   3                              {                       
 114   4                                      P0=0xFF;                        
 115   4                              }
 116   3                              i++;
 117   3                      }
C51 COMPILER V9.06   PROP_CLK                                                              10/13/2016 02:50:48 PAGE 3   

 118   2              
 119   2                      else if(i<33)//sec tens
 120   2                      {
 121   3                      
 122   3                              P0=~(flook[b][i-28]);
 123   3                              i++;
 124   3                      }
 125   2                      
 126   2                      else if(i==33)//space
 127   2                      {
 128   3                              P0=0xFF;
 129   3                              i++;
 130   3                      }
 131   2                      
 132   2                      else if(i<39)//sec ones         
 133   2                      {
 134   3                              P0=~(flook[a][i-34]);
 135   3                              i++;
 136   3                      }
 137   2      
 138   2                      else            
 139   2                      {
 140   3                              TR0=0;
 141   3                              P0=0xFF;
 142   3                              EX0=1;
 143   3                              i=0;
 144   3                      }       
 145   2              }
 146   1      }
 147          
 148          void delay()
 149          {
 150   1              int fi,fj;
 151   1              
 152   1              for(fi=0;fi<160;fi++)
 153   1              {
 154   2                      for(fj=0;fj<1250;fj++)  ;
 155   2              }
 156   1      }
 157          
 158          void main()
 159          
 160          {
 161   1              TMOD=0x02;
 162   1              
 163   1              TH0=0xA4;
 164   1              
 165   1              EX0   = 1;                      /* External interrupt 0 enable              */
 166   1              
 167   1              IT0   = 1;                      /* External interrupt 0 Edge sesitive       */
 168   1              
 169   1              ET0   = 1;                      /* Enable Timer 0 interrupts                */
 170   1              
 171   1              PT0   = 1;                      /* Timer 0 high priority                    */
 172   1              
 173   1              PX0   = 1;                      /* External interrupt 0 high priority       */
 174   1              
 175   1              /*-----------------------------------------------
 176   1              
 177   1              Configure INT0 (external interrupt 0) to generate
 178   1              
 179   1              an interrupt on the falling-edge of /INT0 (P3.2).
C51 COMPILER V9.06   PROP_CLK                                                              10/13/2016 02:50:48 PAGE 4   

 180   1              
 181   1              Enable the EX0 interrupt and then enable the
 182   1              
 183   1              global interrupt flag.
 184   1              
 185   1              -----------------------------------------------*/
 186   1              
 187   1              EX0 = 1;   // Enable EX0 Interrupt
 188   1              
 189   1              EA = 1;    // Enable Global Interrupt Flag
 190   1              
 191   1              P0=0xFF;
 192   1              
 193   1              P3=0xFF;
 194   1                      
 195   1                      a=0;      //sec one's
 196   1                      
 197   1                      b=0;      //sec ten's
 198   1                      
 199   1                      c=0;      //min one's
 200   1                      
 201   1                      d=0;      //min ten's
 202   1                      
 203   1                      e=0;      //hr one's
 204   1                      
 205   1                      f=0;      //hr ten's
 206   1                      
 207   1                      tog=0;
 208   1              
 209   1              while(1)        
 210   1              {       
 211   2                      delay();
 212   2                      
 213   2                      tog=~tog;
 214   2                      
 215   2                      a++;
 216   2                      
 217   2                      if(a>9)
 218   2                      
 219   2                      {               
 220   3                              a=0;                    
 221   3                              b++;            
 222   3                      }
 223   2                      
 224   2                      if(b>5)         
 225   2                      {               
 226   3                              b=0;            
 227   3                              c++;            
 228   3                      }
 229   2                      
 230   2                      if(c>9)         
 231   2                      {               
 232   3                              c=0;            
 233   3                              d++;            
 234   3                      }
 235   2                      
 236   2                      if(d>5)         
 237   2                      {               
 238   3                              d=0;            
 239   3                              e++;            
 240   3                      }
 241   2                                      
C51 COMPILER V9.06   PROP_CLK                                                              10/13/2016 02:50:48 PAGE 5   

 242   2                      if(e>12)                
 243   2                      {               
 244   3                              e=0;            
 245   3                      }
 246   2                      
 247   2                      if(e>9)         
 248   2                      {               
 249   3                              f=1;            
 250   3                      }
 251   2                      
 252   2                      else            
 253   2                      {               
 254   3                              f=0;            
 255   3                      }       
 256   2              }
 257   1      }


MODULE INFORMATION:   STATIC OVERLAYABLE
   CODE SIZE        =    448    ----
   CONSTANT SIZE    =     53    ----
   XDATA SIZE       =   ----    ----
   PDATA SIZE       =   ----    ----
   DATA SIZE        =      8    ----
   IDATA SIZE       =   ----    ----
   BIT SIZE         =      1    ----
END OF MODULE INFORMATION.


C51 COMPILATION COMPLETE.  0 WARNING(S),  0 ERROR(S)
